<?xml version="1.0" encoding="UTF-8"?>
<!-- Generated by org.testng.reporters.JUnitXMLReporter -->
<testsuite ignored="0" hostname="LAPTOP-Q6TIU55M" failures="1" tests="3" name="Test" time="18.424" errors="0" timestamp="2022-02-11T09:49:54 IST">
  <testcase classname="Assignment3.ExtentReport" name="testFailed" time="0.026">
    <failure type="java.lang.AssertionError" message="Excecuting Failed Test Method">
      <![CDATA[java.lang.AssertionError: Excecuting Failed Test Method
at Assignment3.ExtentReport.testFailed(ExtentReport.java:61)
at java.base/java.util.ArrayList.forEach(ArrayList.java:1511)
... Removed 28 stack frames]]>
    </failure>
  </testcase> <!-- testFailed -->
  <testcase classname="Assignment3.ExtentReport" name="testSkipped" time="2.106">
    <skipped/>
  </testcase> <!-- testSkipped -->
  <testcase classname="Assignment3.ExtentReport" name="testSucessful" time="7.929"/>
</testsuite> <!-- Test -->
